Configuring hashable-1.2.3.2...
ghc: warning: _tzset from msvcrt is linked instead of __imp__tzset
Building hashable-1.2.3.2...
Preprocessing library hashable-1.2.3.2...
[1 of 3] Compiling Data.Hashable.Class ( Data\Hashable\Class.hs, .stack-work\dist\x86_64-windows\Cabal-1.22.4.0\build\Data\Hashable\Class.o )

Data\Hashable\Class.hs:54:1: Warning:
    The import of ‘Word’ from module ‘Data.Word’ is redundant

Data\Hashable\Class.hs:213:11: Warning:
    In the use of ‘bitSize’ (imported from Data.Bits):
    Deprecated: "Use 'bitSizeMaybe' or 'finiteBitSize' instead"

Data\Hashable\Class.hs:236:11: Warning:
    In the use of ‘bitSize’ (imported from Data.Bits):
    Deprecated: "Use 'bitSizeMaybe' or 'finiteBitSize' instead"

Data\Hashable\Class.hs:417:28: Warning:
    In the use of ‘B.inlinePerformIO’
    (imported from Data.ByteString.Internal):
    Deprecated: "If you think you know what you are doing, use 'unsafePerformIO'. If you are sure you know what you are doing, use 'unsafeDupablePerformIO'. If you enjoy sharing an address space with a malevolent agent of chaos, try 'accursedUnutterablePerformIO'."
[2 of 3] Compiling Data.Hashable.Generic ( Data\Hashable\Generic.hs, .stack-work\dist\x86_64-windows\Cabal-1.22.4.0\build\Data\Hashable\Generic.o )

Data\Hashable\Generic.hs:20:1: Warning:
    The import of ‘Bits’ from module ‘Data.Bits’ is redundant
[3 of 3] Compiling Data.Hashable    ( Data\Hashable.hs, .stack-work\dist\x86_64-windows\Cabal-1.22.4.0\build\Data\Hashable.o )
In-place registering hashable-1.2.3.2...
ghc: warning: _tzset from msvcrt is linked instead of __imp__tzset
Installing library in
C:\Users\magocoal\AppData\Roaming\stack\snapshots\x86_64-windows\nightly-2015-06-16\7.10.2\lib\x86_64-windows-ghc-7.10.2\hashable-1.2.3.2-HsSZL5aMu8B2qx1E681O68
Registering hashable-1.2.3.2...
ghc: warning: _tzset from msvcrt is linked instead of __imp__tzset
