Configuring pwstore-fast-2.4.4...
ghc: warning: _tzset from msvcrt is linked instead of __imp__tzset
Building pwstore-fast-2.4.4...
Preprocessing library pwstore-fast-2.4.4...
[1 of 1] Compiling Crypto.PasswordStore ( Crypto\PasswordStore.hs, .stack-work\dist\x86_64-windows\Cabal-1.22.4.0\build\Crypto\PasswordStore.o )

Crypto\PasswordStore.hs:124:1: Warning:
    The import of ‘Data.Char’ is redundant
      except perhaps to import instances from ‘Data.Char’
    To import instances alone, use: import Data.Char()

Crypto\PasswordStore.hs:125:1: Warning:
    The import of ‘Data.List’ is redundant
      except perhaps to import instances from ‘Data.List’
    To import instances alone, use: import Data.List()

Crypto\PasswordStore.hs:126:1: Warning:
    The import of ‘Data.Function’ is redundant
      except perhaps to import instances from ‘Data.Function’
    To import instances alone, use: import Data.Function()

Crypto\PasswordStore.hs:127:1: Warning:
    The qualified import of ‘Data.Foldable’ is redundant
      except perhaps to import instances from ‘Data.Foldable’
    To import instances alone, use: import Data.Foldable()

Crypto\PasswordStore.hs:171:31: Warning:
    Defaulting the following constraint(s) to type ‘Integer’
      (Integral b0)
        arising from a use of ‘^’ at Crypto\PasswordStore.hs:171:31
      (Num b0)
        arising from the literal ‘32’ at Crypto\PasswordStore.hs:171:32-33
    In the first argument of ‘(-)’, namely ‘2 ^ 32’
    In the first argument of ‘(*)’, namely ‘(2 ^ 32 - 1)’
    In the second argument of ‘(>)’, namely ‘(2 ^ 32 - 1) * hLen’

Crypto\PasswordStore.hs:427:1: Warning:
    Defined but not used: ‘toStrict’

Crypto\PasswordStore.hs:430:1: Warning:
    Defined but not used: ‘fromStrict’

Crypto\PasswordStore.hs:304:10: Warning:
    Orphan instance: instance Byteable [Char]
    To avoid this
        move the instance declaration to the module of the class or of the type, or
        wrap the type with a newtype and declare the instance on the new type.
In-place registering pwstore-fast-2.4.4...
ghc: warning: _tzset from msvcrt is linked instead of __imp__tzset
Installing library in
C:\Users\magocoal\AppData\Roaming\stack\snapshots\x86_64-windows\nightly-2015-06-16\7.10.2\lib\x86_64-windows-ghc-7.10.2\pwstore-fast-2.4.4-L8L0F15W825Ad1fow8drYH
Registering pwstore-fast-2.4.4...
ghc: warning: _tzset from msvcrt is linked instead of __imp__tzset
